#
# A fatal error has been detected by the Java Runtime Environment:
#
#  SIGSEGV (0xb) at pc=0x00007faa240005f8, pid=4572, tid=140369722296064
#
# JRE version: Java(TM) SE Runtime Environment (8.0_91-b14) (build 1.8.0_91-b14)
# Java VM: Java HotSpot(TM) 64-Bit Server VM (25.91-b14 mixed mode linux-amd64 compressed oops)
# Problematic frame:
# C  0x00007faa240005f8
#
# Failed to write core dump. Core dumps have been disabled. To enable core dumping, try "ulimit -c unlimited" before starting Java again
#
# If you would like to submit a bug report, please visit:
#   http://bugreport.java.com/bugreport/crash.jsp
#

---------------  T H R E A D  ---------------

Current thread (0x00007faa800d5000):  JavaThread "JDWP Transport Listener: dt_socket" daemon [_thread_in_vm, id=4596, stack(0x00007faa5f5f4000,0x00007faa5f6f5000)]

siginfo: si_signo: 11 (SIGSEGV), si_code: 2 (SEGV_ACCERR), si_addr: 0x00007faa240005f8

Registers:
RAX=0x00007faa240005f8, RBX=0x00007faa24000608, RCX=0x00007faa862d7320, RDX=0x00007faa858b32a0
RSP=0x00007faa5f6f3a08, RBP=0x00007faa5f6f3a20, RSI=0x00007faa800d5000, RDI=0x00007faa24000608
R8 =0x0000000000000000, R9 =0x00007faa240033b0, R10=0x0000000000000010, R11=0x00007faa85a66790
R12=0x0000000000000017, R13=0x00007faa2400b800, R14=0x00007faa800d5000, R15=0x00007faa5f6f3b27
RIP=0x00007faa240005f8, EFLAGS=0x0000000000010206, CSGSFS=0x0000000000000033, ERR=0x0000000000000015
  TRAPNO=0x000000000000000e

Top of Stack: (sp=0x00007faa5f6f3a08)
0x00007faa5f6f3a08:   00007faa851a3ac7 0000000000000074
0x00007faa5f6f3a18:   00007faa800083a0 00007faa5f6f3a90
0x00007faa5f6f3a28:   00007faa850343de 0000000000000073
0x00007faa5f6f3a38:   00007faa5f6f3a40 00007faa800d5000
0x00007faa5f6f3a48:   0000000000000000 00007faa00000000
0x00007faa5f6f3a58:   0000000000000000 00007faa5f6f3a80
0x00007faa5f6f3a68:   00007faa7fdd3e40 00007faa2400b800
0x00007faa5f6f3a78:   00007faa5f6f3b27 0000000000000005
0x00007faa5f6f3a88:   00007faa5f6f3b27 00007faa5f6f3ac0
0x00007faa5f6f3a98:   00007faa7fbbf8c2 00007faa5f6f3ac0
0x00007faa5f6f3aa8:   00007faa2400b800 00007faa5f6f3b90
0x00007faa5f6f3ab8:   0000000000000028 00007faa5f6f3b50
0x00007faa5f6f3ac8:   00007faa7fba0aa0 00007faa5f6f3b08
0x00007faa5f6f3ad8:   00007faa5f6f3b00 00007faa5f6f3af8
0x00007faa5f6f3ae8:   00007faa5f6f3b1c 0000000124002e00
0x00007faa5f6f3af8:   0000000000000000 0000000000000000
0x00007faa5f6f3b08:   0000000000000000 00007faa2400b4a0
0x00007faa5f6f3b18:   000000015f6f3b90 0000000000000006
0x00007faa5f6f3b28:   0000000000000002 000000000000000f
0x00007faa5f6f3b38:   0000000000000002 00000000000f0200
0x00007faa5f6f3b48:   000000000000000f 00007faa5f6f3da0
0x00007faa5f6f3b58:   00007faa7fbab9c6 0000780300000013
0x00007faa5f6f3b68:   00007faa850f0200 00007faa1c000ba0
0x00007faa5f6f3b78:   0000000000000000 00007faa5f6f3b90
0x00007faa5f6f3b88:   00007faa5f6f3d20 00007faa2400c642
0x00007faa5f6f3b98:   00007faa000001e6 00007faa24003b90
0x00007faa5f6f3ba8:   000000000000012c 00007faa5f6f3be0
0x00007faa5f6f3bb8:   00007faa24003b90 00007f0000000000
0x00007faa5f6f3bc8:   0000780300000030 00007faa00003d80
0x00007faa5f6f3bd8:   00007faa5f6f3be0 aa7f000006000000
0x00007faa5f6f3be8:   0a00000020d04b80 6164696c61566f64
0x00007faa5f6f3bf8:   4c28290000006574 64412f6c65646f6d 

Instructions: (pc=0x00007faa240005f8)
0x00007faa240005d8:   c8 05 00 24 aa 7f 00 00 c8 05 00 24 aa 7f 00 00
0x00007faa240005e8:   d8 05 00 24 aa 7f 00 00 d8 05 00 24 aa 7f 00 00
0x00007faa240005f8:   e8 05 00 24 aa 7f 00 00 e8 05 00 24 aa 7f 00 00
0x00007faa24000608:   f8 05 00 24 aa 7f 00 00 f8 05 00 24 aa 7f 00 00 

Register to memory mapping:

RAX=0x00007faa240005f8 is an unknown value
RBX=0x00007faa24000608 is an unknown value
RCX=0x00007faa862d7320: <offset 0x219320> in /lib/x86_64-linux-gnu/libpthread.so.0 at 0x00007faa860be000
RDX=0x00007faa858b32a0: <offset 0xfb72a0> in /usr/lib/jvm/java-8-oracle/jre/lib/amd64/server/libjvm.so at 0x00007faa848fc000
RSP=0x00007faa5f6f3a08 is pointing into the stack for thread: 0x00007faa800d5000
RBP=0x00007faa5f6f3a20 is pointing into the stack for thread: 0x00007faa800d5000
RSI=0x00007faa800d5000 is a thread
RDI=0x00007faa24000608 is an unknown value
R8 =0x0000000000000000 is an unknown value
R9 =0x00007faa240033b0 is an unknown value
R10=0x0000000000000010 is an unknown value
R11=0x00007faa85a66790: <offset 0x187790> in /lib/x86_64-linux-gnu/libc.so.6 at 0x00007faa858df000
R12=0x0000000000000017 is an unknown value
R13=0x00007faa2400b800 is an unknown value
R14=0x00007faa800d5000 is a thread
R15=0x00007faa5f6f3b27 is pointing into the stack for thread: 0x00007faa800d5000


Stack: [0x00007faa5f5f4000,0x00007faa5f6f5000],  sp=0x00007faa5f6f3a08,  free space=1022k
Native frames: (J=compiled Java code, j=interpreted, Vv=VM code, C=native code)
C  0x00007faa240005f8
V  [libjvm.so+0x7383de]  jvmti_IsMethodSynthetic+0x2be
C  [libjdwp.so+0x258c2]  isMethodSynthetic+0x42
C  [libjdwp.so+0x6aa0]  methods1+0x1b0
C  [libjdwp.so+0x119c6]  debugLoop_run+0x2b6
C  [libjdwp.so+0x247ff]  attachThread+0x2f
V  [libjvm.so+0x7a48c2]  JvmtiAgentThread::call_start_function()+0xc2
V  [libjvm.so+0xa6b77f]  JavaThread::thread_main_inner()+0xdf
V  [libjvm.so+0xa6b8ac]  JavaThread::run()+0x11c
V  [libjvm.so+0x91ef78]  java_start(Thread*)+0x108
C  [libpthread.so.0+0x8184]  start_thread+0xc4


---------------  P R O C E S S  ---------------

Java Threads: ( => current thread )
  0x00007faa800f5800 JavaThread "Service Thread" daemon [_thread_blocked, id=4605, stack(0x00007faa5eeed000,0x00007faa5efee000)]
  0x00007faa800e1800 JavaThread "C1 CompilerThread3" daemon [_thread_blocked, id=4604, stack(0x00007faa5efee000,0x00007faa5f0ef000)]
  0x00007faa800df800 JavaThread "C2 CompilerThread2" daemon [_thread_blocked, id=4603, stack(0x00007faa5f0ef000,0x00007faa5f1f0000)]
  0x00007faa800dd800 JavaThread "C2 CompilerThread1" daemon [_thread_blocked, id=4602, stack(0x00007faa5f1f0000,0x00007faa5f2f1000)]
  0x00007faa800da800 JavaThread "C2 CompilerThread0" daemon [_thread_blocked, id=4601, stack(0x00007faa5f2f1000,0x00007faa5f3f2000)]
  0x00007faa24001000 JavaThread "JDWP Command Reader" daemon [_thread_in_native, id=4600, stack(0x00007faa5f3f2000,0x00007faa5f4f3000)]
  0x00007faa800d8800 JavaThread "JDWP Event Helper Thread" daemon [_thread_blocked, id=4599, stack(0x00007faa5f4f3000,0x00007faa5f5f4000)]
=>0x00007faa800d5000 JavaThread "JDWP Transport Listener: dt_socket" daemon [_thread_in_vm, id=4596, stack(0x00007faa5f5f4000,0x00007faa5f6f5000)]
  0x00007faa800c6800 JavaThread "Signal Dispatcher" daemon [_thread_blocked, id=4595, stack(0x00007faa5f8f9000,0x00007faa5f9fa000)]
  0x00007faa80094000 JavaThread "Finalizer" daemon [_thread_blocked, id=4587, stack(0x00007faa5f9fa000,0x00007faa5fafb000)]
  0x00007faa8008f800 JavaThread "Reference Handler" daemon [_thread_blocked, id=4586, stack(0x00007faa5fafb000,0x00007faa5fbfc000)]
  0x00007faa80012000 JavaThread "main" [_thread_blocked, id=4573, stack(0x00007faa863d7000,0x00007faa864d8000)]

Other Threads:
  0x00007faa80088000 VMThread [stack: 0x00007faa5fbfc000,0x00007faa5fcfd000] [id=4585]
  0x00007faa800f8000 WatcherThread [stack: 0x00007faa5edec000,0x00007faa5eeed000] [id=4606]

VM state:not at safepoint (normal execution)

VM Mutex/Monitor currently owned by a thread: None

Heap:
 PSYoungGen      total 36864K, used 11429K [0x00000000d6f80000, 0x00000000d9880000, 0x0000000100000000)
  eden space 31744K, 36% used [0x00000000d6f80000,0x00000000d7aa9590,0x00000000d8e80000)
  from space 5120K, 0% used [0x00000000d9380000,0x00000000d9380000,0x00000000d9880000)
  to   space 5120K, 0% used [0x00000000d8e80000,0x00000000d8e80000,0x00000000d9380000)
 ParOldGen       total 84992K, used 0K [0x0000000084e00000, 0x000000008a100000, 0x00000000d6f80000)
  object space 84992K, 0% used [0x0000000084e00000,0x0000000084e00000,0x000000008a100000)
 Metaspace       used 5719K, capacity 5904K, committed 6144K, reserved 1056768K
  class space    used 659K, capacity 732K, committed 768K, reserved 1048576K

Card table byte_map: [0x00007faa6ef50000,0x00007faa6f32a000] byte_map_base: 0x00007faa6eb29000

Marking Bits: (ParMarkBitMap*) 0x00007faa858b2d60
 Begin Bits: [0x00007faa64270000, 0x00007faa66138000)
 End Bits:   [0x00007faa66138000, 0x00007faa68000000)

Polling page: 0x00007faa864fb000

CodeCache: size=245760Kb used=2185Kb max_used=2185Kb free=243574Kb
 bounds [0x00007faa6f6ea000, 0x00007faa6f95a000, 0x00007faa7e6ea000]
 total_blobs=739 nmethods=445 adapters=216
 compilation: enabled

Compilation events (10 events):
Event: 0,375 Thread 0x00007faa800e1800  432       3       java.lang.invoke.MethodType::equals (29 bytes)
Event: 0,376 Thread 0x00007faa800e1800 nmethod 432 0x00007faa6f907c10 code [0x00007faa6f907da0, 0x00007faa6f9082e8]
Event: 0,377 Thread 0x00007faa800e1800  441       3       jdk.internal.org.objectweb.asm.ByteVector::<init> (13 bytes)
Event: 0,377 Thread 0x00007faa800e1800 nmethod 441 0x00007faa6f908410 code [0x00007faa6f908580, 0x00007faa6f9087d0]
Event: 0,378 Thread 0x00007faa800e1800  442       3       jdk.internal.org.objectweb.asm.ByteVector::putByteArray (49 bytes)
Event: 0,378 Thread 0x00007faa800e1800 nmethod 442 0x00007faa6f908890 code [0x00007faa6f908a20, 0x00007faa6f908d38]
Event: 0,378 Thread 0x00007faa800e1800  443       3       sun.invoke.util.VerifyAccess::isSamePackage (114 bytes)
Event: 0,381 Thread 0x00007faa800e1800 nmethod 443 0x00007faa6f908e50 code [0x00007faa6f9091a0, 0x00007faa6f90b1f8]
Event: 0,381 Thread 0x00007faa800e1800  444       3       java.lang.invoke.MemberName::getReferenceKind (12 bytes)
Event: 0,381 Thread 0x00007faa800e1800 nmethod 444 0x00007faa6f90c3d0 code [0x00007faa6f90c520, 0x00007faa6f90c690]

GC Heap History (0 events):
No events

Deoptimization events (1 events):
Event: 0,296 Thread 0x00007faa80012000 Uncommon trap: reason=unstable_if action=reinterpret pc=0x00007faa6f819d60 method=java.lang.String.indexOf(II)I @ 49

Internal exceptions (9 events):
Event: 0,021 Thread 0x00007faa80012000 Exception <a 'java/lang/NoSuchMethodError': Method sun.misc.Unsafe.defineClass(Ljava/lang/String;[BII)Ljava/lang/Class; name or signature does not match> (0x00000000d6f87cc0) thrown at [/HUDSON/workspace/8-2-build-linux-amd64/jdk8u91/6644/hotspot/src/shar
Event: 0,021 Thread 0x00007faa80012000 Exception <a 'java/lang/NoSuchMethodError': Method sun.misc.Unsafe.prefetchRead(Ljava/lang/Object;J)V name or signature does not match> (0x00000000d6f87fa8) thrown at [/HUDSON/workspace/8-2-build-linux-amd64/jdk8u91/6644/hotspot/src/share/vm/prims/jni.cpp
Event: 0,163 Thread 0x00007faa80012000 Exception <a 'java/io/FileNotFoundException'> (0x00000000d733abe8) thrown at [/HUDSON/workspace/8-2-build-linux-amd64/jdk8u91/6644/hotspot/src/share/vm/prims/jni.cpp, line 709]
Event: 0,177 Thread 0x00007faa80012000 Exception <a 'java/security/PrivilegedActionException'> (0x00000000d738e0f0) thrown at [/HUDSON/workspace/8-2-build-linux-amd64/jdk8u91/6644/hotspot/src/share/vm/prims/jvm.cpp, line 1386]
Event: 0,177 Thread 0x00007faa80012000 Exception <a 'java/security/PrivilegedActionException'> (0x00000000d738e300) thrown at [/HUDSON/workspace/8-2-build-linux-amd64/jdk8u91/6644/hotspot/src/share/vm/prims/jvm.cpp, line 1386]
Event: 0,177 Thread 0x00007faa80012000 Exception <a 'java/security/PrivilegedActionException'> (0x00000000d7390740) thrown at [/HUDSON/workspace/8-2-build-linux-amd64/jdk8u91/6644/hotspot/src/share/vm/prims/jvm.cpp, line 1386]
Event: 0,177 Thread 0x00007faa80012000 Exception <a 'java/security/PrivilegedActionException'> (0x00000000d7390950) thrown at [/HUDSON/workspace/8-2-build-linux-amd64/jdk8u91/6644/hotspot/src/share/vm/prims/jvm.cpp, line 1386]
Event: 0,353 Thread 0x00007faa80012000 Exception <a 'java/lang/NoSuchFieldError': method resolution failed> (0x00000000d79fb3c8) thrown at [/HUDSON/workspace/8-2-build-linux-amd64/jdk8u91/6644/hotspot/src/share/vm/prims/methodHandles.cpp, line 1146]
Event: 0,356 Thread 0x00007faa80012000 Exception <a 'java/lang/NoSuchFieldError': method resolution failed> (0x00000000d7a08ab8) thrown at [/HUDSON/workspace/8-2-build-linux-amd64/jdk8u91/6644/hotspot/src/share/vm/prims/methodHandles.cpp, line 1146]

Events (10 events):
Event: 432,384 Executing VM operation: ForceSafepoint
Event: 432,384 Executing VM operation: ForceSafepoint done
Event: 438,052 Executing VM operation: ChangeBreakpoints
Event: 438,052 Executing VM operation: ChangeBreakpoints done
Event: 625,341 Executing VM operation: ChangeBreakpoints
Event: 625,341 Executing VM operation: ChangeBreakpoints done
Event: 1145,276 Executing VM operation: ChangeBreakpoints
Event: 1145,277 Executing VM operation: ChangeBreakpoints done
Event: 1145,279 Executing VM operation: RedefineClasses
Event: 1145,283 Executing VM operation: RedefineClasses done


Dynamic libraries:
00400000-00401000 r-xp 00000000 08:01 3014775                            /usr/lib/jvm/java-8-oracle/bin/java
00600000-00601000 rw-p 00000000 08:01 3014775                            /usr/lib/jvm/java-8-oracle/bin/java
01302000-01323000 rw-p 00000000 00:00 0                                  [heap]
84e00000-8a100000 rw-p 00000000 00:00 0 
8a100000-d6f80000 ---p 00000000 00:00 0 
d6f80000-d9880000 rw-p 00000000 00:00 0 
d9880000-100000000 ---p 00000000 00:00 0 
100000000-1000c0000 rw-p 00000000 00:00 0 
1000c0000-140000000 ---p 00000000 00:00 0 
7faa00000000-7faa00021000 rw-p 00000000 00:00 0 
7faa00021000-7faa04000000 ---p 00000000 00:00 0 
7faa04000000-7faa04021000 rw-p 00000000 00:00 0 
7faa04021000-7faa08000000 ---p 00000000 00:00 0 
7faa08000000-7faa081e6000 rw-p 00000000 00:00 0 
7faa081e6000-7faa0c000000 ---p 00000000 00:00 0 
7faa0c000000-7faa0c1f4000 rw-p 00000000 00:00 0 
7faa0c1f4000-7faa10000000 ---p 00000000 00:00 0 
7faa10000000-7faa102a9000 rw-p 00000000 00:00 0 
7faa102a9000-7faa14000000 ---p 00000000 00:00 0 
7faa14000000-7faa1418b000 rw-p 00000000 00:00 0 
7faa1418b000-7faa18000000 ---p 00000000 00:00 0 
7faa18000000-7faa18021000 rw-p 00000000 00:00 0 
7faa18021000-7faa1c000000 ---p 00000000 00:00 0 
7faa1c000000-7faa1c021000 rw-p 00000000 00:00 0 
7faa1c021000-7faa20000000 ---p 00000000 00:00 0 
7faa20000000-7faa20021000 rw-p 00000000 00:00 0 
7faa20021000-7faa24000000 ---p 00000000 00:00 0 
7faa24000000-7faa242af000 rw-p 00000000 00:00 0 
7faa242af000-7faa28000000 ---p 00000000 00:00 0 
7faa28000000-7faa28021000 rw-p 00000000 00:00 0 
7faa28021000-7faa2c000000 ---p 00000000 00:00 0 
7faa2c000000-7faa2c021000 rw-p 00000000 00:00 0 
7faa2c021000-7faa30000000 ---p 00000000 00:00 0 
7faa30000000-7faa30021000 rw-p 00000000 00:00 0 
7faa30021000-7faa34000000 ---p 00000000 00:00 0 
7faa34000000-7faa34021000 rw-p 00000000 00:00 0 
7faa34021000-7faa38000000 ---p 00000000 00:00 0 
7faa38000000-7faa38021000 rw-p 00000000 00:00 0 
7faa38021000-7faa3c000000 ---p 00000000 00:00 0 
7faa40000000-7faa40021000 rw-p 00000000 00:00 0 
7faa40021000-7faa44000000 ---p 00000000 00:00 0 
7faa48000000-7faa48021000 rw-p 00000000 00:00 0 
7faa48021000-7faa4c000000 ---p 00000000 00:00 0 
7faa50000000-7faa50021000 rw-p 00000000 00:00 0 
7faa50021000-7faa54000000 ---p 00000000 00:00 0 
7faa58000000-7faa58021000 rw-p 00000000 00:00 0 
7faa58021000-7faa5c000000 ---p 00000000 00:00 0 
7faa5ec12000-7faa5ec15000 rw-p 00000000 00:00 0 
7faa5ec15000-7faa5ec1a000 r--s 0003c000 08:01 20974317                   /home/sterni/.m2/repository/org/springframework/spring-expression/4.2.6.RELEASE/spring-expression-4.2.6.RELEASE.jar
7faa5ec1a000-7faa5ec33000 r--s 000f3000 08:01 20974257                   /home/sterni/.m2/repository/org/springframework/spring-context/4.2.6.RELEASE/spring-context-4.2.6.RELEASE.jar
7faa5ec33000-7faa5ec40000 r--s 000a6000 08:01 20974315                   /home/sterni/.m2/repository/org/springframework/spring-beans/4.2.6.RELEASE/spring-beans-4.2.6.RELEASE.jar
7faa5ec40000-7faa5ec4c000 r--s 0004c000 08:01 20976928                   /home/sterni/.m2/repository/org/springframework/security/spring-security-core/4.0.4.RELEASE/spring-security-core-4.0.4.RELEASE.jar
7faa5ec4c000-7faa5ec4e000 r--s 00000000 08:01 20974312                   /home/sterni/.m2/repository/aopalliance/aopalliance/1.0/aopalliance-1.0.jar
7faa5ec4e000-7faa5ec58000 r--s 0004d000 08:01 20976927                   /home/sterni/.m2/repository/org/springframework/security/spring-security-web/4.1.0.RELEASE/spring-security-web-4.1.0.RELEASE.jar
7faa5ec58000-7faa5ec66000 r--s 0007c000 08:01 20974550                   /home/sterni/.m2/repository/org/springframework/spring-test/4.2.6.RELEASE/spring-test-4.2.6.RELEASE.jar
7faa5ec66000-7faa5ec7c000 r--s 000f6000 08:01 20974277                   /home/sterni/.m2/repository/org/springframework/spring-core/4.2.6.RELEASE/spring-core-4.2.6.RELEASE.jar
7faa5ec7c000-7faa5ec7d000 r--s 0000c000 08:01 15732279                   /home/sterni/.m2/repository/org/hamcrest/hamcrest-library/1.3/hamcrest-library-1.3.jar
7faa5ec7d000-7faa5ec7f000 r--s 00009000 08:01 12066007                   /home/sterni/.m2/repository/org/hamcrest/hamcrest-core/1.3/hamcrest-core-1.3.jar
7faa5ec7f000-7faa5ec81000 r--s 00009000 08:01 15603181                   /home/sterni/.m2/repository/org/objenesis/objenesis/2.1/objenesis-2.1.jar
7faa5ec81000-7faa5ec9d000 r--s 00103000 08:01 15603179                   /home/sterni/.m2/repository/org/mockito/mockito-core/1.10.19/mockito-core-1.10.19.jar
7faa5ec9d000-7faa5eca5000 r--s 00045000 08:01 15603177                   /home/sterni/.m2/repository/junit/junit/4.12/junit-4.12.jar
7faa5eca5000-7faa5eca6000 r--s 00000000 08:01 20974547                   /home/sterni/.m2/repository/org/springframework/boot/spring-boot-starter-test/1.3.5.RELEASE/spring-boot-starter-test-1.3.5.RELEASE.jar
7faa5eca6000-7faa5ecb7000 r--s 000c6000 08:01 20974316                   /home/sterni/.m2/repository/org/springframework/spring-webmvc/4.2.6.RELEASE/spring-webmvc-4.2.6.RELEASE.jar
7faa5ecb7000-7faa5ecc8000 r--s 000ab000 08:01 20974309                   /home/sterni/.m2/repository/org/springframework/spring-web/4.2.6.RELEASE/spring-web-4.2.6.RELEASE.jar
7faa5ecc8000-7faa5ecca000 r--s 0000e000 08:01 20974302                   /home/sterni/.m2/repository/com/fasterxml/classmate/1.1.0/classmate-1.1.0.jar
7faa5ecca000-7faa5ecce000 r--s 0000c000 08:01 20974298                   /home/sterni/.m2/repository/javax/validation/validation-api/1.1.0.Final/validation-api-1.1.0.Final.jar
7faa5ecce000-7faa5ecde000 r--s 0009c000 08:01 20974296                   /home/sterni/.m2/repository/org/hibernate/hibernate-validator/5.2.4.Final/hibernate-validator-5.2.4.Final.jar
7faa5ecde000-7faa5ecdf000 r--s 00000000 08:01 20974293                   /home/sterni/.m2/repository/org/springframework/boot/spring-boot-starter-validation/1.3.5.RELEASE/spring-boot-starter-validation-1.3.5.RELEASE.jar
7faa5ecdf000-7faa5ece5000 r--s 00037000 08:01 20974291                   /home/sterni/.m2/repository/org/apache/tomcat/embed/tomcat-embed-websocket/8.0.33/tomcat-embed-websocket-8.0.33.jar
7faa5ece5000-7faa5ece6000 r--s 00009000 08:01 20974289                   /home/sterni/.m2/repository/org/apache/tomcat/embed/tomcat-embed-logging-juli/8.0.33/tomcat-embed-logging-juli-8.0.33.jar
7faa5ece6000-7faa5eceb000 r--s 00036000 08:01 20974287                   /home/sterni/.m2/repository/org/apache/tomcat/embed/tomcat-embed-el/8.0.33/tomcat-embed-el-8.0.33.jar
7faa5eceb000-7faa5ed10000 r--s 00292000 08:01 20974285                   /home/sterni/.m2/repository/org/apache/tomcat/embed/tomcat-embed-core/8.0.33/tomcat-embed-core-8.0.33.jar
7faa5ed10000-7faa5ed11000 r--s 00000000 08:01 20974283                   /home/sterni/.m2/repository/org/springframework/boot/spring-boot-starter-tomcat/1.3.5.RELEASE/spring-boot-starter-tomcat-1.3.5.RELEASE.jar
7faa5ed11000-7faa5ed12000 r--s 00000000 08:01 20974280                   /home/sterni/.m2/repository/org/springframework/boot/spring-boot-starter-web/1.3.5.RELEASE/spring-boot-starter-web-1.3.5.RELEASE.jar
7faa5ed12000-7faa5ed5e000 r--s 0040d000 08:01 20974325                   /home/sterni/.m2/repository/org/codehaus/groovy/groovy/2.4.6/groovy-2.4.6.jar
7faa5ed5e000-7faa5ed61000 r--s 00017000 08:01 18355360                   /home/sterni/.m2/repository/nz/net/ultraq/thymeleaf/thymeleaf-layout-dialect/1.3.3/thymeleaf-layout-dialect-1.3.3.jar
7faa5ed61000-7faa5ed64000 r--s 00020000 08:01 15474092                   /home/sterni/.m2/repository/org/unbescape/unbescape/1.1.0.RELEASE/unbescape-1.1.0.RELEASE.jar
7faa5ed64000-7faa5ed67000 r--s 00035000 08:01 15474088                   /home/sterni/.m2/repository/ognl/ognl/3.0.8/ognl-3.0.8.jar
7faa5ed67000-7faa5ed74000 r--s 000b7000 08:01 15341377                   /home/sterni/.m2/repository/org/thymeleaf/thymeleaf/2.1.4.RELEASE/thymeleaf-2.1.4.RELEASE.jar
7faa5ed74000-7faa5ed77000 r--s 00034000 08:01 15341376                   /home/sterni/.m2/repository/org/thymeleaf/thymeleaf-spring4/2.1.4.RELEASE/thymeleaf-spring4-2.1.4.RELEASE.jar
7faa5ed77000-7faa5ed78000 r--s 00000000 08:01 20975183                   /home/sterni/.m2/repository/org/springframework/boot/spring-boot-starter-thymeleaf/1.3.5.RELEASE/spring-boot-starter-thymeleaf-1.3.5.RELEASE.jar
7faa5ed78000-7faa5ed7a000 r--s 00006000 08:01 13241622                   /home/sterni/.m2/repository/com/google/code/findbugs/jsr305/2.0.1/jsr305-2.0.1.jar
7faa5ed7a000-7faa5eda5000 r--s 001f5000 08:01 12326763                   /home/sterni/.m2/repository/com/google/guava/guava/16.0.1/guava-16.0.1.jar
7faa5eda5000-7faa5eda6000 r--s 00002000 08:01 18620306                   /home/sterni/.m2/repository/com/github/fge/btf/1.2/btf-1.2.jar
7faa5eda6000-7faa5eda8000 r--s 00008000 08:01 18620304                   /home/sterni/.m2/repository/com/github/fge/msg-simple/1.1/msg-simple-1.1.jar
7faa5eda8000-7faa5edaa000 r--s 00006000 08:01 18485598                   /home/sterni/.m2/repository/com/github/fge/jackson-coreutils/1.6/jackson-coreutils-1.6.jar
7faa5edaa000-7faa5edac000 r--s 00009000 08:01 18485600                   /home/sterni/.m2/repository/com/github/fge/json-patch/1.7/json-patch-1.7.jar
7faa5edac000-7faa5edae000 r--s 00002000 08:01 18485596                   /home/sterni/.m2/repository/org/atteo/evo-inflector/1.2.1/evo-inflector-1.2.1.jar
7faa5edae000-7faa5edb3000 r--s 00027000 08:01 20975335                   /home/sterni/.m2/repository/org/springframework/hateoas/spring-hateoas/0.19.0.RELEASE/spring-hateoas-0.19.0.RELEASE.jar
7faa5edb3000-7faa5edb7000 r--s 00017000 08:01 20975332                   /home/sterni/.m2/repository/org/springframework/data/spring-data-rest-core/2.4.4.RELEASE/spring-data-rest-core-2.4.4.RELEASE.jar
7faa5edb7000-7faa5edbc000 r--s 00034000 08:01 20975333                   /home/sterni/.m2/repository/org/springframework/data/spring-data-rest-webmvc/2.4.4.RELEASE/spring-data-rest-webmvc-2.4.4.RELEASE.jar
7faa5edbc000-7faa5edc0000 r--s 0003c000 08:01 20974307                   /home/sterni/.m2/repository/com/fasterxml/jackson/core/jackson-core/2.6.6/jackson-core-2.6.6.jar
7faa5edc0000-7faa5edd1000 r--s 0010d000 08:01 20974303                   /home/sterni/.m2/repository/com/fasterxml/jackson/core/jackson-databind/2.6.6/jackson-databind-2.6.6.jar
7faa5edd1000-7faa5edd4000 r--s 00009000 08:01 20974305                   /home/sterni/.m2/repository/com/fasterxml/jackson/core/jackson-annotations/2.6.6/jackson-annotations-2.6.6.jar
7faa5edd4000-7faa5ede2000 r--s 001a1000 08:01 18355362                   /home/sterni/.m2/repository/com/h2database/h2/1.4.191/h2-1.4.191.jar
7faa5ede2000-7faa5ede5000 r--s 0000c000 08:01 20975176                   /home/sterni/.m2/repository/org/springframework/spring-aspects/4.2.6.RELEASE/spring-aspects-4.2.6.RELEASE.jar
7faa5ede5000-7faa5edec000 r--s 0003a000 08:01 20975175                   /home/sterni/.m2/repository/org/springframework/spring-tx/4.2.6.RELEASE/spring-tx-4.2.6.RELEASE.jar
7faa5edec000-7faa5eded000 ---p 00000000 00:00 0 
7faa5eded000-7faa5eeed000 rw-p 00000000 00:00 0 
7faa5eeed000-7faa5eef0000 ---p 00000000 00:00 0 
7faa5eef0000-7faa5efee000 rw-p 00000000 00:00 0 
7faa5efee000-7faa5eff1000 ---p 00000000 00:00 0 
7faa5eff1000-7faa5f0ef000 rw-p 00000000 00:00 0 
7faa5f0ef000-7faa5f0f2000 ---p 00000000 00:00 0 
7faa5f0f2000-7faa5f1f0000 rw-p 00000000 00:00 0 
7faa5f1f0000-7faa5f1f3000 ---p 00000000 00:00 0 
7faa5f1f3000-7faa5f2f1000 rw-p 00000000 00:00 0 
7faa5f2f1000-7faa5f2f4000 ---p 00000000 00:00 0 
7faa5f2f4000-7faa5f3f2000 rw-p 00000000 00:00 0 
7faa5f3f2000-7faa5f3f5000 ---p 00000000 00:00 0 
7faa5f3f5000-7faa5f4f3000 rw-p 00000000 00:00 0 
7faa5f4f3000-7faa5f4f6000 ---p 00000000 00:00 0 
7faa5f4f6000-7faa5f5f4000 rw-p 00000000 00:00 0 
7faa5f5f4000-7faa5f5f7000 ---p 00000000 00:00 0 
7faa5f5f7000-7faa5f6f5000 rw-p 00000000 00:00 0 
7faa5f6f5000-7faa5f6f9000 r-xp 00000000 08:01 3277763                    /usr/lib/jvm/java-8-oracle/jre/lib/amd64/libdt_socket.so
7faa5f6f9000-7faa5f8f8000 ---p 00004000 08:01 3277763                    /usr/lib/jvm/java-8-oracle/jre/lib/amd64/libdt_socket.so
7faa5f8f8000-7faa5f8f9000 rw-p 00003000 08:01 3277763                    /usr/lib/jvm/java-8-oracle/jre/lib/amd64/libdt_socket.so
7faa5f8f9000-7faa5f8fc000 ---p 00000000 00:00 0 
7faa5f8fc000-7faa5f9fa000 rw-p 00000000 00:00 0 
7faa5f9fa000-7faa5f9fd000 ---p 00000000 00:00 0 
7faa5f9fd000-7faa5fafb000 rw-p 00000000 00:00 0 
7faa5fafb000-7faa5fafe000 ---p 00000000 00:00 0 
7faa5fafe000-7faa5fbfc000 rw-p 00000000 00:00 0 
7faa5fbfc000-7faa5fbfd000 ---p 00000000 00:00 0 
7faa5fbfd000-7faa60000000 rw-p 00000000 00:00 0 
7faa60000000-7faa60021000 rw-p 00000000 00:00 0 
7faa60021000-7faa64000000 ---p 00000000 00:00 0 
7faa64000000-7faa64001000 r--s 00004000 08:01 20975331                   /home/sterni/.m2/repository/org/springframework/plugin/spring-plugin-core/1.2.0.RELEASE/spring-plugin-core-1.2.0.RELEASE.jar
7faa64001000-7faa64002000 r--s 00000000 08:01 20975330                   /home/sterni/.m2/repository/org/springframework/boot/spring-boot-starter-data-rest/1.3.5.RELEASE/spring-boot-starter-data-rest-1.3.5.RELEASE.jar
7faa64002000-7faa64004000 r--s 00003000 08:01 20974271                   /home/sterni/.m2/repository/org/slf4j/jcl-over-slf4j/1.7.21/jcl-over-slf4j-1.7.21.jar
7faa64004000-7faa64006000 r--s 00009000 08:01 20974267                   /home/sterni/.m2/repository/org/slf4j/slf4j-api/1.7.21/slf4j-api-1.7.21.jar
7faa64006000-7faa64010000 r--s 00068000 08:01 20975173                   /home/sterni/.m2/repository/org/springframework/spring-orm/4.2.6.RELEASE/spring-orm-4.2.6.RELEASE.jar
7faa64010000-7faa6406e000 r--s 004ac000 08:01 20975158                   /home/sterni/.m2/repository/org/hibernate/hibernate-core/4.3.11.Final/hibernate-core-4.3.11.Final.jar
7faa6406e000-7faa68000000 rw-p 00000000 00:00 0 
7faa68000000-7faa68021000 rw-p 00000000 00:00 0 
7faa68021000-7faa6c000000 ---p 00000000 00:00 0 
7faa6c000000-7faa6c00f000 r--s 0008d000 08:01 20975172                   /home/sterni/.m2/repository/org/springframework/data/spring-data-commons/1.11.4.RELEASE/spring-data-commons-1.11.4.RELEASE.jar
7faa6c00f000-7faa6c015000 r--s 00039000 08:01 20975170                   /home/sterni/.m2/repository/org/springframework/data/spring-data-jpa/1.9.4.RELEASE/spring-data-jpa-1.9.4.RELEASE.jar
7faa6c015000-7faa6c017000 r--s 00006000 08:01 17439775                   /home/sterni/.m2/repository/javax/transaction/javax.transaction-api/1.2/javax.transaction-api-1.2.jar
7faa6c017000-7faa6c021000 r--s 000a5000 08:01 15474089                   /home/sterni/.m2/repository/org/javassist/javassist/3.18.1-GA/javassist-3.18.1-GA.jar
7faa6c021000-7faa6c026000 r--s 00017000 08:01 20975167                   /home/sterni/.m2/repository/org/hibernate/javax/persistence/hibernate-jpa-2.1-api/1.0.0.Final/hibernate-jpa-2.1-api-1.0.0.Final.jar
7faa6c026000-7faa6c029000 r--s 00010000 08:01 20975166                   /home/sterni/.m2/repository/org/hibernate/common/hibernate-commons-annotations/4.0.5.Final/hibernate-commons-annotations-4.0.5.Final.jar
7faa6c029000-7faa6c02e000 r--s 00016000 08:01 12588160                   /home/sterni/.m2/repository/xml-apis/xml-apis/1.0.b2/xml-apis-1.0.b2.jar
7faa6c02e000-7faa6c033000 r--s 00048000 08:01 20975163                   /home/sterni/.m2/repository/dom4j/dom4j/1.6.1/dom4j-1.6.1.jar
7faa6c033000-7faa6c035000 r--s 00011000 08:01 20975161                   /home/sterni/.m2/repository/org/jboss/jandex/1.1.0.Final/jandex-1.1.0.Final.jar
7faa6c035000-7faa6c03a000 r--s 00068000 08:01 20975160                   /home/sterni/.m2/repository/antlr/antlr/2.7.7/antlr-2.7.7.jar
7faa6c03a000-7faa6c03b000 r--s 00002000 08:01 20975156                   /home/sterni/.m2/repository/org/jboss/logging/jboss-logging-annotations/1.2.0.Beta1/jboss-logging-annotations-1.2.0.Beta1.jar
7faa6c03b000-7faa6c03d000 r--s 0000f000 08:01 20974300                   /home/sterni/.m2/repository/org/jboss/logging/jboss-logging/3.3.0.Final/jboss-logging-3.3.0.Final.jar
7faa6c03d000-7faa6c04b000 r--s 00091000 08:01 20975153                   /home/sterni/.m2/repository/org/hibernate/hibernate-entitymanager/4.3.11.Final/hibernate-entitymanager-4.3.11.Final.jar
7faa6c04b000-7faa6c055000 r--s 0005e000 08:01 20975151                   /home/sterni/.m2/repository/org/springframework/spring-jdbc/4.2.6.RELEASE/spring-jdbc-4.2.6.RELEASE.jar
7faa6c055000-7faa6c056000 r--s 00009000 08:01 20975150                   /home/sterni/.m2/repository/org/apache/tomcat/tomcat-juli/8.0.33/tomcat-juli-8.0.33.jar
7faa6c056000-7faa6c059000 r--s 0001f000 08:01 20975148                   /home/sterni/.m2/repository/org/apache/tomcat/tomcat-jdbc/8.0.33/tomcat-jdbc-8.0.33.jar
7faa6c059000-7faa6c05a000 r--s 00000000 08:01 20975146                   /home/sterni/.m2/repository/org/springframework/boot/spring-boot-starter-jdbc/1.3.5.RELEASE/spring-boot-starter-jdbc-1.3.5.RELEASE.jar
7faa6c05a000-7faa6c073000 r--s 001af000 08:01 17307205                   /home/sterni/.m2/repository/org/aspectj/aspectjweaver/1.8.9/aspectjweaver-1.8.9.jar
7faa6c073000-7faa6c07c000 r--s 00052000 08:01 20974310                   /home/sterni/.m2/repository/org/springframework/spring-aop/4.2.6.RELEASE/spring-aop-4.2.6.RELEASE.jar
7faa6c07c000-7faa6c082000 r--s 0003c000 08:01 20974279                   /home/sterni/.m2/repository/org/yaml/snakeyaml/1.16/snakeyaml-1.16.jar
7faa6c082000-7faa6c084000 r--s 00004000 08:01 20974273                   /home/sterni/.m2/repository/org/slf4j/log4j-over-slf4j/1.7.21/log4j-over-slf4j-1.7.21.jar
7faa6c084000-7faa6c08e000 r--s 00069000 08:01 20974265                   /home/sterni/.m2/repository/ch/qos/logback/logback-core/1.1.7/logback-core-1.1.7.jar
7faa6c08e000-7faa6c095000 r--s 00044000 08:01 20974264                   /home/sterni/.m2/repository/ch/qos/logback/logback-classic/1.1.7/logback-classic-1.1.7.jar
7faa6c095000-7faa6c0ad000 r--s 000a2000 08:01 20974259                   /home/sterni/.m2/repository/org/springframework/boot/spring-boot-autoconfigure/1.3.5.RELEASE/spring-boot-autoconfigure-1.3.5.RELEASE.jar
7faa6c0ad000-7faa6c0ba000 r--s 00079000 08:01 20974255                   /home/sterni/.m2/repository/org/springframework/boot/spring-boot/1.3.5.RELEASE/spring-boot-1.3.5.RELEASE.jar
7faa6c0ba000-7faa6c0d5000 r--s 00208000 08:01 3154259                    /usr/lib/jvm/java-8-oracle/jre/lib/deploy.jar
7faa6c0d5000-7faa6c0e8000 r--s 000d6000 08:01 3154247                    /usr/lib/jvm/java-8-oracle/jre/lib/plugin.jar
7faa6c0e8000-7faa6d806000 rw-p 00000000 00:00 0 
7faa6d806000-7faa6d9df000 r--s 03d1f000 08:01 3154260                    /usr/lib/jvm/java-8-oracle/jre/lib/rt.jar
7faa6d9df000-7faa6df1f000 rw-p 00000000 00:00 0 
7faa6df1f000-7faa6e1df000 ---p 00000000 00:00 0 
7faa6e1df000-7faa6e5b8000 rw-p 00000000 00:00 0 
7faa6e5b8000-7faa6e5b9000 ---p 00000000 00:00 0 
7faa6e5b9000-7faa6e6b9000 rw-p 00000000 00:00 0 
7faa6e6b9000-7faa6e6ba000 ---p 00000000 00:00 0 
7faa6e6ba000-7faa6e7ba000 rw-p 00000000 00:00 0 
7faa6e7ba000-7faa6e7bb000 ---p 00000000 00:00 0 
7faa6e7bb000-7faa6e8bb000 rw-p 00000000 00:00 0 
7faa6e8bb000-7faa6e8bc000 ---p 00000000 00:00 0 
7faa6e8bc000-7faa6e9bc000 rw-p 00000000 00:00 0 
7faa6e9bc000-7faa6e9bd000 ---p 00000000 00:00 0 
7faa6e9bd000-7faa6eabd000 rw-p 00000000 00:00 0 
7faa6eabd000-7faa6eabe000 ---p 00000000 00:00 0 
7faa6eabe000-7faa6ebbe000 rw-p 00000000 00:00 0 
7faa6ebbe000-7faa6ebbf000 ---p 00000000 00:00 0 
7faa6ebbf000-7faa6ece9000 rw-p 00000000 00:00 0 
7faa6ece9000-7faa6ef50000 ---p 00000000 00:00 0 
7faa6ef50000-7faa6ef7a000 rw-p 00000000 00:00 0 
7faa6ef7a000-7faa6f1e0000 ---p 00000000 00:00 0 
7faa6f1e0000-7faa6f1f6000 rw-p 00000000 00:00 0 
7faa6f1f6000-7faa6f329000 ---p 00000000 00:00 0 
7faa6f329000-7faa6f334000 rw-p 00000000 00:00 0 
7faa6f334000-7faa6f6ea000 ---p 00000000 00:00 0 
7faa6f6ea000-7faa6f95a000 rwxp 00000000 00:00 0 
7faa6f95a000-7faa7e6ea000 ---p 00000000 00:00 0 
7faa7e6ea000-7faa7e704000 r-xp 00000000 08:01 3278573                    /usr/lib/jvm/java-8-oracle/jre/lib/amd64/libzip.so
7faa7e704000-7faa7e904000 ---p 0001a000 08:01 3278573                    /usr/lib/jvm/java-8-oracle/jre/lib/amd64/libzip.so
7faa7e904000-7faa7e905000 rw-p 0001a000 08:01 3278573                    /usr/lib/jvm/java-8-oracle/jre/lib/amd64/libzip.so
7faa7e905000-7faa7e90f000 r-xp 00000000 08:01 14820520                   /lib/x86_64-linux-gnu/libnss_files-2.19.so
7faa7e90f000-7faa7eb0e000 ---p 0000a000 08:01 14820520                   /lib/x86_64-linux-gnu/libnss_files-2.19.so
7faa7eb0e000-7faa7eb0f000 r--p 00009000 08:01 14820520                   /lib/x86_64-linux-gnu/libnss_files-2.19.so
7faa7eb0f000-7faa7eb10000 rw-p 0000a000 08:01 14820520                   /lib/x86_64-linux-gnu/libnss_files-2.19.so
7faa7eb10000-7faa7eb1b000 r-xp 00000000 08:01 14820512                   /lib/x86_64-linux-gnu/libnss_nis-2.19.so
7faa7eb1b000-7faa7ed1a000 ---p 0000b000 08:01 14820512                   /lib/x86_64-linux-gnu/libnss_nis-2.19.so
7faa7ed1a000-7faa7ed1b000 r--p 0000a000 08:01 14820512                   /lib/x86_64-linux-gnu/libnss_nis-2.19.so
7faa7ed1b000-7faa7ed1c000 rw-p 0000b000 08:01 14820512                   /lib/x86_64-linux-gnu/libnss_nis-2.19.so
7faa7ed1c000-7faa7ed33000 r-xp 00000000 08:01 14820508                   /lib/x86_64-linux-gnu/libnsl-2.19.so
7faa7ed33000-7faa7ef32000 ---p 00017000 08:01 14820508                   /lib/x86_64-linux-gnu/libnsl-2.19.so
7faa7ef32000-7faa7ef33000 r--p 00016000 08:01 14820508                   /lib/x86_64-linux-gnu/libnsl-2.19.so
7faa7ef33000-7faa7ef34000 rw-p 00017000 08:01 14820508                   /lib/x86_64-linux-gnu/libnsl-2.19.so
7faa7ef34000-7faa7ef36000 rw-p 00000000 00:00 0 
7faa7ef36000-7faa7ef3f000 r-xp 00000000 08:01 14820507                   /lib/x86_64-linux-gnu/libnss_compat-2.19.so
7faa7ef3f000-7faa7f13e000 ---p 00009000 08:01 14820507                   /lib/x86_64-linux-gnu/libnss_compat-2.19.so
7faa7f13e000-7faa7f13f000 r--p 00008000 08:01 14820507                   /lib/x86_64-linux-gnu/libnss_compat-2.19.so
7faa7f13f000-7faa7f140000 rw-p 00009000 08:01 14820507                   /lib/x86_64-linux-gnu/libnss_compat-2.19.so
7faa7f140000-7faa7f997000 r--p 00000000 08:01 2890294                    /usr/lib/locale/locale-archive
7faa7f997000-7faa7f999000 r-xp 00000000 08:01 3278568                    /usr/lib/jvm/java-8-oracle/jre/lib/amd64/libnpt.so
7faa7f999000-7faa7fb99000 ---p 00002000 08:01 3278568                    /usr/lib/jvm/java-8-oracle/jre/lib/amd64/libnpt.so
7faa7fb99000-7faa7fb9a000 rw-p 00002000 08:01 3278568                    /usr/lib/jvm/java-8-oracle/jre/lib/amd64/libnpt.so
7faa7fb9a000-7faa7fbd3000 r-xp 00000000 08:01 3278580                    /usr/lib/jvm/java-8-oracle/jre/lib/amd64/libjdwp.so
7faa7fbd3000-7faa7fdd2000 ---p 00039000 08:01 3278580                    /usr/lib/jvm/java-8-oracle/jre/lib/amd64/libjdwp.so
7faa7fdd2000-7faa7fdd4000 rw-p 00038000 08:01 3278580                    /usr/lib/jvm/java-8-oracle/jre/lib/amd64/libjdwp.so
7faa7fdd4000-7faa7fdfe000 r-xp 00000000 08:01 3278586                    /usr/lib/jvm/java-8-oracle/jre/lib/amd64/libjava.so
7faa7fdfe000-7faa7fffe000 ---p 0002a000 08:01 3278586                    /usr/lib/jvm/java-8-oracle/jre/lib/amd64/libjava.so
7faa7fffe000-7faa80000000 rw-p 0002a000 08:01 3278586                    /usr/lib/jvm/java-8-oracle/jre/lib/amd64/libjava.so
7faa80000000-7faa8075d000 rw-p 00000000 00:00 0 
7faa8075d000-7faa84000000 ---p 00000000 00:00 0 
7faa84000000-7faa84006000 r--s 002f8000 08:01 3154254                    /usr/lib/jvm/java-8-oracle/jre/lib/charsets.jar
7faa84006000-7faa84019000 r--s 00344000 08:01 3154239                    /usr/lib/jvm/java-8-oracle/jre/lib/resources.jar
7faa84019000-7faa840de000 rw-p 00000000 00:00 0 
7faa840de000-7faa840df000 ---p 00000000 00:00 0 
7faa840df000-7faa841df000 rw-p 00000000 00:00 0 
7faa841df000-7faa841ec000 r-xp 00000000 08:01 3277758                    /usr/lib/jvm/java-8-oracle/jre/lib/amd64/libverify.so
7faa841ec000-7faa843ec000 ---p 0000d000 08:01 3277758                    /usr/lib/jvm/java-8-oracle/jre/lib/amd64/libverify.so
7faa843ec000-7faa843ee000 rw-p 0000d000 08:01 3277758                    /usr/lib/jvm/java-8-oracle/jre/lib/amd64/libverify.so
7faa843ee000-7faa843f5000 r-xp 00000000 08:01 14820516                   /lib/x86_64-linux-gnu/librt-2.19.so
7faa843f5000-7faa845f4000 ---p 00007000 08:01 14820516                   /lib/x86_64-linux-gnu/librt-2.19.so
7faa845f4000-7faa845f5000 r--p 00006000 08:01 14820516                   /lib/x86_64-linux-gnu/librt-2.19.so
7faa845f5000-7faa845f6000 rw-p 00007000 08:01 14820516                   /lib/x86_64-linux-gnu/librt-2.19.so
7faa845f6000-7faa846fb000 r-xp 00000000 08:01 14820502                   /lib/x86_64-linux-gnu/libm-2.19.so
7faa846fb000-7faa848fa000 ---p 00105000 08:01 14820502                   /lib/x86_64-linux-gnu/libm-2.19.so
7faa848fa000-7faa848fb000 r--p 00104000 08:01 14820502                   /lib/x86_64-linux-gnu/libm-2.19.so
7faa848fb000-7faa848fc000 rw-p 00105000 08:01 14820502                   /lib/x86_64-linux-gnu/libm-2.19.so
7faa848fc000-7faa855bc000 r-xp 00000000 08:01 3278577                    /usr/lib/jvm/java-8-oracle/jre/lib/amd64/server/libjvm.so
7faa855bc000-7faa857bc000 ---p 00cc0000 08:01 3278577                    /usr/lib/jvm/java-8-oracle/jre/lib/amd64/server/libjvm.so
7faa857bc000-7faa85894000 rw-p 00cc0000 08:01 3278577                    /usr/lib/jvm/java-8-oracle/jre/lib/amd64/server/libjvm.so
7faa85894000-7faa858df000 rw-p 00000000 00:00 0 
7faa858df000-7faa85a99000 r-xp 00000000 08:01 14820517                   /lib/x86_64-linux-gnu/libc-2.19.so
7faa85a99000-7faa85c99000 ---p 001ba000 08:01 14820517                   /lib/x86_64-linux-gnu/libc-2.19.so
7faa85c99000-7faa85c9d000 r--p 001ba000 08:01 14820517                   /lib/x86_64-linux-gnu/libc-2.19.so
7faa85c9d000-7faa85c9f000 rw-p 001be000 08:01 14820517                   /lib/x86_64-linux-gnu/libc-2.19.so
7faa85c9f000-7faa85ca4000 rw-p 00000000 00:00 0 
7faa85ca4000-7faa85ca7000 r-xp 00000000 08:01 14820504                   /lib/x86_64-linux-gnu/libdl-2.19.so
7faa85ca7000-7faa85ea6000 ---p 00003000 08:01 14820504                   /lib/x86_64-linux-gnu/libdl-2.19.so
7faa85ea6000-7faa85ea7000 r--p 00002000 08:01 14820504                   /lib/x86_64-linux-gnu/libdl-2.19.so
7faa85ea7000-7faa85ea8000 rw-p 00003000 08:01 14820504                   /lib/x86_64-linux-gnu/libdl-2.19.so
7faa85ea8000-7faa85ebd000 r-xp 00000000 08:01 3014913                    /usr/lib/jvm/java-8-oracle/lib/amd64/jli/libjli.so
7faa85ebd000-7faa860bd000 ---p 00015000 08:01 3014913                    /usr/lib/jvm/java-8-oracle/lib/amd64/jli/libjli.so
7faa860bd000-7faa860be000 rw-p 00015000 08:01 3014913                    /usr/lib/jvm/java-8-oracle/lib/amd64/jli/libjli.so
7faa860be000-7faa860d7000 r-xp 00000000 08:01 14820509                   /lib/x86_64-linux-gnu/libpthread-2.19.so
7faa860d7000-7faa862d6000 ---p 00019000 08:01 14820509                   /lib/x86_64-linux-gnu/libpthread-2.19.so
7faa862d6000-7faa862d7000 r--p 00018000 08:01 14820509                   /lib/x86_64-linux-gnu/libpthread-2.19.so
7faa862d7000-7faa862d8000 rw-p 00019000 08:01 14820509                   /lib/x86_64-linux-gnu/libpthread-2.19.so
7faa862d8000-7faa862dc000 rw-p 00000000 00:00 0 
7faa862dc000-7faa862ff000 r-xp 00000000 08:01 14820510                   /lib/x86_64-linux-gnu/ld-2.19.so
7faa862ff000-7faa86300000 r--s 00000000 08:01 20975142                   /home/sterni/.m2/repository/org/springframework/boot/spring-boot-starter-aop/1.3.5.RELEASE/spring-boot-starter-aop-1.3.5.RELEASE.jar
7faa86300000-7faa86302000 r--s 00000000 08:01 20974272                   /home/sterni/.m2/repository/org/slf4j/jul-to-slf4j/1.7.21/jul-to-slf4j-1.7.21.jar
7faa86302000-7faa86303000 r--s 00000000 08:01 20974261                   /home/sterni/.m2/repository/org/springframework/boot/spring-boot-starter-logging/1.3.5.RELEASE/spring-boot-starter-logging-1.3.5.RELEASE.jar
7faa86303000-7faa86304000 r--s 00000000 08:01 20974253                   /home/sterni/.m2/repository/org/springframework/boot/spring-boot-starter/1.3.5.RELEASE/spring-boot-starter-1.3.5.RELEASE.jar
7faa86304000-7faa86307000 r--s 0001a000 08:01 3154237                    /usr/lib/jvm/java-8-oracle/jre/lib/jce.jar
7faa86307000-7faa8630c000 r--s 00084000 08:01 3154234                    /usr/lib/jvm/java-8-oracle/jre/lib/jfr.jar
7faa8630c000-7faa863d7000 rw-p 00000000 00:00 0 
7faa863d7000-7faa863da000 ---p 00000000 00:00 0 
7faa863da000-7faa864dc000 rw-p 00000000 00:00 0 
7faa864dc000-7faa864dd000 r--s 00000000 08:01 20975144                   /home/sterni/.m2/repository/org/springframework/boot/spring-boot-starter-data-jpa/1.3.5.RELEASE/spring-boot-starter-data-jpa-1.3.5.RELEASE.jar
7faa864dd000-7faa864e7000 r--s 0006c000 08:01 3154233                    /usr/lib/jvm/java-8-oracle/jre/lib/javaws.jar
7faa864e7000-7faa864e8000 r--s 00000000 08:01 3154231                    /usr/lib/jvm/java-8-oracle/jre/lib/management-agent.jar
7faa864e8000-7faa864ec000 r--s 00097000 08:01 3154229                    /usr/lib/jvm/java-8-oracle/jre/lib/jsse.jar
7faa864ec000-7faa864ee000 r--s 00007000 08:01 3154227                    /usr/lib/jvm/java-8-oracle/jre/lib/jfxswt.jar
7faa864ee000-7faa864f0000 r--s 00023000 08:01 21497108                   /home/sterni/Programs/idea-16/plugins/junit/lib/junit-rt.jar
7faa864f0000-7faa864f2000 r--s 0001e000 08:01 21368200                   /home/sterni/Programs/idea-16/lib/idea_rt.jar
7faa864f2000-7faa864fa000 rw-s 00000000 08:01 28707866                   /tmp/hsperfdata_sterni/4572
7faa864fa000-7faa864fb000 rw-p 00000000 00:00 0 
7faa864fb000-7faa864fc000 r--p 00000000 00:00 0 
7faa864fc000-7faa864fe000 rw-p 00000000 00:00 0 
7faa864fe000-7faa864ff000 r--p 00022000 08:01 14820510                   /lib/x86_64-linux-gnu/ld-2.19.so
7faa864ff000-7faa86500000 rw-p 00023000 08:01 14820510                   /lib/x86_64-linux-gnu/ld-2.19.so
7faa86500000-7faa86501000 rw-p 00000000 00:00 0 
7ffe45fb2000-7ffe45fd6000 rw-p 00000000 00:00 0                          [stack]
7ffe45ff5000-7ffe45ff7000 r--p 00000000 00:00 0                          [vvar]
7ffe45ff7000-7ffe45ff9000 r-xp 00000000 00:00 0                          [vdso]
ffffffffff600000-ffffffffff601000 r-xp 00000000 00:00 0                  [vsyscall]

VM Arguments:
jvm_args: -agentlib:jdwp=transport=dt_socket,address=127.0.0.1:53552,suspend=y,server=n -ea -Didea.junit.sm_runner -Dfile.encoding=UTF-8 
java_command: com.intellij.rt.execution.junit.JUnitStarter -ideVersion5 validation.CourseValidatorTest
java_class_path (initial): /home/sterni/Programs/idea-16/lib/idea_rt.jar:/home/sterni/Programs/idea-16/plugins/junit/lib/junit-rt.jar:/usr/lib/jvm/java-8-oracle/jre/lib/jfxswt.jar:/usr/lib/jvm/java-8-oracle/jre/lib/jsse.jar:/usr/lib/jvm/java-8-oracle/jre/lib/management-agent.jar:/usr/lib/jvm/java-8-oracle/jre/lib/javaws.jar:/usr/lib/jvm/java-8-oracle/jre/lib/jfr.jar:/usr/lib/jvm/java-8-oracle/jre/lib/jce.jar:/usr/lib/jvm/java-8-oracle/jre/lib/resources.jar:/usr/lib/jvm/java-8-oracle/jre/lib/plugin.jar:/usr/lib/jvm/java-8-oracle/jre/lib/charsets.jar:/usr/lib/jvm/java-8-oracle/jre/lib/deploy.jar:/usr/lib/jvm/java-8-oracle/jre/lib/rt.jar:/usr/lib/jvm/java-8-oracle/jre/lib/ext/zipfs.jar:/usr/lib/jvm/java-8-oracle/jre/lib/ext/nashorn.jar:/usr/lib/jvm/java-8-oracle/jre/lib/ext/cldrdata.jar:/usr/lib/jvm/java-8-oracle/jre/lib/ext/dnsns.jar:/usr/lib/jvm/java-8-oracle/jre/lib/ext/sunpkcs11.jar:/usr/lib/jvm/java-8-oracle/jre/lib/ext/jfxrt.jar:/usr/lib/jvm/java-8-oracle/jre/lib/ext/sunec.jar:/usr/lib/jvm/java-8-oracle/jre/lib/ext/localedata.jar:/usr/lib/jvm/java-8-oracle/jre/lib/ext/sunjce_provider.jar:/home/sterni/dev/boot/courses-service/target/test-classes:/home/sterni/dev/boot/courses-service/target/classes:/home/sterni/.m2/repository/org/springframework/boot/spring-boot-starter-data-jpa/1.3.5.RELEASE/spring-boot-starter-data-jpa-1.3.5.RELEASE.jar:/home/sterni/.m2/repository/org/springframework/boot/spring-boot-starter/1.3.5.RELEASE/spring-boot-starter-1.3.5.RELEASE.jar:/home/sterni/.m2/repository/org/springframework/boot/spring-boot/1.3.5.RELEASE/spring-boot-1.3.5.RELEASE.jar:/home/sterni/.m2/repository/org/springframework/boot/spring-boot-autoconfigure/1.3.5.RELEASE/spring-boot-autoconfigure-1.3.5.RELEASE.jar:/home/sterni/.m2/repository/org/springframework/boot/spring-boot-starter-logging/1.3.5.RELEASE/spring-boot-starter-logging-1.3.5.RELEASE.jar:/home/sterni/.m2/repository/ch/qos/logback/logback-classic/1.1.7/logback-classic-1.1.7.jar:/home/sterni/.m2/repository/ch/qo
Launcher Type: SUN_STANDARD

Environment Variables:
JAVA_HOME=/usr/lib/jvm/java-8-oracle
PATH=/home/sterni/.sdkman/candidates/springboot/current/bin:/home/sterni/.sdkman/candidates/gradle/current/bin:/usr/local/sbin:/usr/local/bin:/usr/sbin:/usr/bin:/sbin:/bin:/usr/games:/usr/local/games
LD_LIBRARY_PATH=/home/sterni/Programs/idea-16/bin:
SHELL=/bin/bash
DISPLAY=:0

Signal Handlers:
SIGSEGV: [libjvm.so+0xabca10], sa_mask[0]=11111111011111111101111111111110, sa_flags=SA_RESTART|SA_SIGINFO
SIGBUS: [libjvm.so+0xabca10], sa_mask[0]=11111111011111111101111111111110, sa_flags=SA_RESTART|SA_SIGINFO
SIGFPE: [libjvm.so+0x919a20], sa_mask[0]=11111111011111111101111111111110, sa_flags=SA_RESTART|SA_SIGINFO
SIGPIPE: [libjvm.so+0x919a20], sa_mask[0]=11111111011111111101111111111110, sa_flags=SA_RESTART|SA_SIGINFO
SIGXFSZ: [libjvm.so+0x919a20], sa_mask[0]=11111111011111111101111111111110, sa_flags=SA_RESTART|SA_SIGINFO
SIGILL: [libjvm.so+0x919a20], sa_mask[0]=11111111011111111101111111111110, sa_flags=SA_RESTART|SA_SIGINFO
SIGUSR1: SIG_DFL, sa_mask[0]=00000000000000000000000000000000, sa_flags=none
SIGUSR2: [libjvm.so+0x91b050], sa_mask[0]=00100000000000000000000000000000, sa_flags=SA_RESTART|SA_SIGINFO
SIGHUP: [libjvm.so+0x91c450], sa_mask[0]=11111111011111111101111111111110, sa_flags=SA_RESTART|SA_SIGINFO
SIGINT: [libjvm.so+0x91c450], sa_mask[0]=11111111011111111101111111111110, sa_flags=SA_RESTART|SA_SIGINFO
SIGTERM: [libjvm.so+0x91c450], sa_mask[0]=11111111011111111101111111111110, sa_flags=SA_RESTART|SA_SIGINFO
SIGQUIT: [libjvm.so+0x91c450], sa_mask[0]=11111111011111111101111111111110, sa_flags=SA_RESTART|SA_SIGINFO


---------------  S Y S T E M  ---------------

OS:DISTRIB_ID=Ubuntu
DISTRIB_RELEASE=14.04
DISTRIB_CODENAME=trusty
DISTRIB_DESCRIPTION="Ubuntu 14.04.4 LTS"

uname:Linux 3.19.0-64-generic #72~14.04.1-Ubuntu SMP Fri Jun 24 17:59:48 UTC 2016 x86_64
libc:glibc 2.19 NPTL 2.19 
rlimit: STACK 8192k, CORE 0k, NPROC 31434, NOFILE 4096, AS infinity
load average:0,97 0,47 0,35

/proc/meminfo:
MemTotal:        8068564 kB
MemFree:         4305536 kB
MemAvailable:    5635196 kB
Buffers:          111332 kB
Cached:          1614364 kB
SwapCached:            0 kB
Active:          2441540 kB
Inactive:        1112456 kB
Active(anon):    1831120 kB
Inactive(anon):   257472 kB
Active(file):     610420 kB
Inactive(file):   854984 kB
Unevictable:          32 kB
Mlocked:              32 kB
SwapTotal:       8280060 kB
SwapFree:        8280060 kB
Dirty:              7036 kB
Writeback:             0 kB
AnonPages:       1828352 kB
Mapped:           404336 kB
Shmem:            260296 kB
Slab:             102448 kB
SReclaimable:      66384 kB
SUnreclaim:        36064 kB
KernelStack:       10432 kB
PageTables:        29404 kB
NFS_Unstable:          0 kB
Bounce:                0 kB
WritebackTmp:          0 kB
CommitLimit:    12314340 kB
Committed_AS:    5479364 kB
VmallocTotal:   34359738367 kB
VmallocUsed:      370608 kB
VmallocChunk:   34359352036 kB
HardwareCorrupted:     0 kB
AnonHugePages:    970752 kB
CmaTotal:              0 kB
CmaFree:               0 kB
HugePages_Total:       0
HugePages_Free:        0
HugePages_Rsvd:        0
HugePages_Surp:        0
Hugepagesize:       2048 kB
DirectMap4k:      116320 kB
DirectMap2M:     8165376 kB


CPU:total 8 (4 cores per cpu, 2 threads per core) family 6 model 58 stepping 9, cmov, cx8, fxsr, mmx, sse, sse2, sse3, ssse3, sse4.1, sse4.2, popcnt, avx, aes, clmul, erms, ht, tsc, tscinvbit, tscinv

/proc/cpuinfo:
processor	: 0
vendor_id	: GenuineIntel
cpu family	: 6
model		: 58
model name	: Intel(R) Core(TM) i7-3610QM CPU @ 2.30GHz
stepping	: 9
microcode	: 0x12
cpu MHz		: 3099.968
cache size	: 6144 KB
physical id	: 0
siblings	: 8
core id		: 0
cpu cores	: 4
apicid		: 0
initial apicid	: 0
fpu		: yes
fpu_exception	: yes
cpuid level	: 13
wp		: yes
flags		: fpu vme de pse tsc msr pae mce cx8 apic sep mtrr pge mca cmov pat pse36 clflush dts acpi mmx fxsr sse sse2 ss ht tm pbe syscall nx rdtscp lm constant_tsc arch_perfmon pebs bts rep_good nopl xtopology nonstop_tsc aperfmperf eagerfpu pni pclmulqdq dtes64 monitor ds_cpl vmx est tm2 ssse3 cx16 xtpr pdcm pcid sse4_1 sse4_2 x2apic popcnt tsc_deadline_timer aes xsave avx f16c rdrand lahf_lm ida arat epb pln pts dtherm tpr_shadow vnmi flexpriority ept vpid fsgsbase smep erms xsaveopt
bugs		:
bogomips	: 4589.88
clflush size	: 64
cache_alignment	: 64
address sizes	: 36 bits physical, 48 bits virtual
power management:

processor	: 1
vendor_id	: GenuineIntel
cpu family	: 6
model		: 58
model name	: Intel(R) Core(TM) i7-3610QM CPU @ 2.30GHz
stepping	: 9
microcode	: 0x12
cpu MHz		: 3099.968
cache size	: 6144 KB
physical id	: 0
siblings	: 8
core id		: 1
cpu cores	: 4
apicid		: 2
initial apicid	: 2
fpu		: yes
fpu_exception	: yes
cpuid level	: 13
wp		: yes
flags		: fpu vme de pse tsc msr pae mce cx8 apic sep mtrr pge mca cmov pat pse36 clflush dts acpi mmx fxsr sse sse2 ss ht tm pbe syscall nx rdtscp lm constant_tsc arch_perfmon pebs bts rep_good nopl xtopology nonstop_tsc aperfmperf eagerfpu pni pclmulqdq dtes64 monitor ds_cpl vmx est tm2 ssse3 cx16 xtpr pdcm pcid sse4_1 sse4_2 x2apic popcnt tsc_deadline_timer aes xsave avx f16c rdrand lahf_lm ida arat epb pln pts dtherm tpr_shadow vnmi flexpriority ept vpid fsgsbase smep erms xsaveopt
bugs		:
bogomips	: 4589.88
clflush size	: 64
cache_alignment	: 64
address sizes	: 36 bits physical, 48 bits virtual
power management:

processor	: 2
vendor_id	: GenuineIntel
cpu family	: 6
model		: 58
model name	: Intel(R) Core(TM) i7-3610QM CPU @ 2.30GHz
stepping	: 9
microcode	: 0x12
cpu MHz		: 3099.968
cache size	: 6144 KB
physical id	: 0
siblings	: 8
core id		: 2
cpu cores	: 4
apicid		: 4
initial apicid	: 4
fpu		: yes
fpu_exception	: yes
cpuid level	: 13
wp		: yes
flags		: fpu vme de pse tsc msr pae mce cx8 apic sep mtrr pge mca cmov pat pse36 clflush dts acpi mmx fxsr sse sse2 ss ht tm pbe syscall nx rdtscp lm constant_tsc arch_perfmon pebs bts rep_good nopl xtopology nonstop_tsc aperfmperf eagerfpu pni pclmulqdq dtes64 monitor ds_cpl vmx est tm2 ssse3 cx16 xtpr pdcm pcid sse4_1 sse4_2 x2apic popcnt tsc_deadline_timer aes xsave avx f16c rdrand lahf_lm ida arat epb pln pts dtherm tpr_shadow vnmi flexpriority ept vpid fsgsbase smep erms xsaveopt
bugs		:
bogomips	: 4589.88
clflush size	: 64
cache_alignment	: 64
address sizes	: 36 bits physical, 48 bits virtual
power management:

processor	: 3
vendor_id	: GenuineIntel
cpu family	: 6
model		: 58
model name	: Intel(R) Core(TM) i7-3610QM CPU @ 2.30GHz
stepping	: 9
microcode	: 0x12
cpu MHz		: 3099.968
cache size	: 6144 KB
physical id	: 0
siblings	: 8
core id		: 3
cpu cores	: 4
apicid		: 6
initial apicid	: 6
fpu		: yes
fpu_exception	: yes
cpuid level	: 13
wp		: yes
flags		: fpu vme de pse tsc msr pae mce cx8 apic sep mtrr pge mca cmov pat pse36 clflush dts acpi mmx fxsr sse sse2 ss ht tm pbe syscall nx rdtscp lm constant_tsc arch_perfmon pebs bts rep_good nopl xtopology nonstop_tsc aperfmperf eagerfpu pni pclmulqdq dtes64 monitor ds_cpl vmx est tm2 ssse3 cx16 xtpr pdcm pcid sse4_1 sse4_2 x2apic popcnt tsc_deadline_timer aes xsave avx f16c rdrand lahf_lm ida arat epb pln pts dtherm tpr_shadow vnmi flexpriority ept vpid fsgsbase smep erms xsaveopt
bugs		:
bogomips	: 4589.88
clflush size	: 64
cache_alignment	: 64
address sizes	: 36 bits physical, 48 bits virtual
power management:

processor	: 4
vendor_id	: GenuineIntel
cpu family	: 6
model		: 58
model name	: Intel(R) Core(TM) i7-3610QM CPU @ 2.30GHz
stepping	: 9
microcode	: 0x12
cpu MHz		: 3099.968
cache size	: 6144 KB
physical id	: 0
siblings	: 8
core id		: 0
cpu cores	: 4
apicid		: 1
initial apicid	: 1
fpu		: yes
fpu_exception	: yes
cpuid level	: 13
wp		: yes
flags		: fpu vme de pse tsc msr pae mce cx8 apic sep mtrr pge mca cmov pat pse36 clflush dts acpi mmx fxsr sse sse2 ss ht tm pbe syscall nx rdtscp lm constant_tsc arch_perfmon pebs bts rep_good nopl xtopology nonstop_tsc aperfmperf eagerfpu pni pclmulqdq dtes64 monitor ds_cpl vmx est tm2 ssse3 cx16 xtpr pdcm pcid sse4_1 sse4_2 x2apic popcnt tsc_deadline_timer aes xsave avx f16c rdrand lahf_lm ida arat epb pln pts dtherm tpr_shadow vnmi flexpriority ept vpid fsgsbase smep erms xsaveopt
bugs		:
bogomips	: 4589.88
clflush size	: 64
cache_alignment	: 64
address sizes	: 36 bits physical, 48 bits virtual
power management:

processor	: 5
vendor_id	: GenuineIntel
cpu family	: 6
model		: 58
model name	: Intel(R) Core(TM) i7-3610QM CPU @ 2.30GHz
stepping	: 9
microcode	: 0x12
cpu MHz		: 3099.968
cache size	: 6144 KB
physical id	: 0
siblings	: 8
core id		: 1
cpu cores	: 4
apicid		: 3
initial apicid	: 3
fpu		: yes
fpu_exception	: yes
cpuid level	: 13
wp		: yes
flags		: fpu vme de pse tsc msr pae mce cx8 apic sep mtrr pge mca cmov pat pse36 clflush dts acpi mmx fxsr sse sse2 ss ht tm pbe syscall nx rdtscp lm constant_tsc arch_perfmon pebs bts rep_good nopl xtopology nonstop_tsc aperfmperf eagerfpu pni pclmulqdq dtes64 monitor ds_cpl vmx est tm2 ssse3 cx16 xtpr pdcm pcid sse4_1 sse4_2 x2apic popcnt tsc_deadline_timer aes xsave avx f16c rdrand lahf_lm ida arat epb pln pts dtherm tpr_shadow vnmi flexpriority ept vpid fsgsbase smep erms xsaveopt
bugs		:
bogomips	: 4589.88
clflush size	: 64
cache_alignment	: 64
address sizes	: 36 bits physical, 48 bits virtual
power management:

processor	: 6
vendor_id	: GenuineIntel
cpu family	: 6
model		: 58
model name	: Intel(R) Core(TM) i7-3610QM CPU @ 2.30GHz
stepping	: 9
microcode	: 0x12
cpu MHz		: 3099.968
cache size	: 6144 KB
physical id	: 0
siblings	: 8
core id		: 2
cpu cores	: 4
apicid		: 5
initial apicid	: 5
fpu		: yes
fpu_exception	: yes
cpuid level	: 13
wp		: yes
flags		: fpu vme de pse tsc msr pae mce cx8 apic sep mtrr pge mca cmov pat pse36 clflush dts acpi mmx fxsr sse sse2 ss ht tm pbe syscall nx rdtscp lm constant_tsc arch_perfmon pebs bts rep_good nopl xtopology nonstop_tsc aperfmperf eagerfpu pni pclmulqdq dtes64 monitor ds_cpl vmx est tm2 ssse3 cx16 xtpr pdcm pcid sse4_1 sse4_2 x2apic popcnt tsc_deadline_timer aes xsave avx f16c rdrand lahf_lm ida arat epb pln pts dtherm tpr_shadow vnmi flexpriority ept vpid fsgsbase smep erms xsaveopt
bugs		:
bogomips	: 4589.88
clflush size	: 64
cache_alignment	: 64
address sizes	: 36 bits physical, 48 bits virtual
power management:

processor	: 7
vendor_id	: GenuineIntel
cpu family	: 6
model		: 58
model name	: Intel(R) Core(TM) i7-3610QM CPU @ 2.30GHz
stepping	: 9
microcode	: 0x12
cpu MHz		: 3099.968
cache size	: 6144 KB
physical id	: 0
siblings	: 8
core id		: 3
cpu cores	: 4
apicid		: 7
initial apicid	: 7
fpu		: yes
fpu_exception	: yes
cpuid level	: 13
wp		: yes
flags		: fpu vme de pse tsc msr pae mce cx8 apic sep mtrr pge mca cmov pat pse36 clflush dts acpi mmx fxsr sse sse2 ss ht tm pbe syscall nx rdtscp lm constant_tsc arch_perfmon pebs bts rep_good nopl xtopology nonstop_tsc aperfmperf eagerfpu pni pclmulqdq dtes64 monitor ds_cpl vmx est tm2 ssse3 cx16 xtpr pdcm pcid sse4_1 sse4_2 x2apic popcnt tsc_deadline_timer aes xsave avx f16c rdrand lahf_lm ida arat epb pln pts dtherm tpr_shadow vnmi flexpriority ept vpid fsgsbase smep erms xsaveopt
bugs		:
bogomips	: 4589.88
clflush size	: 64
cache_alignment	: 64
address sizes	: 36 bits physical, 48 bits virtual
power management:



Memory: 4k page, physical 8068564k(4305536k free), swap 8280060k(8280060k free)

vm_info: Java HotSpot(TM) 64-Bit Server VM (25.91-b14) for linux-amd64 JRE (1.8.0_91-b14), built on Apr  1 2016 00:57:21 by "java_re" with gcc 4.3.0 20080428 (Red Hat 4.3.0-8)

time: Thu Jul  7 22:06:20 2016
elapsed time: 1145 seconds (0d 0h 19m 5s)

